<?xml version="1.0" encoding="UTF-8" standalone="no"?>
<!DOCTYPE log SYSTEM "logger.dtd">
<head/><log>
<record>
  <date>2016-12-14T16:03:03.936-0300</date>
  <logger>ADBYS JOSE VASCONCELOS DE ANDRADE</logger>
  <level>FINE</level>
  <message>File 116110498-ADBYS JOSE VASCONCELOS DE ANDRADE.zip was received. It was sent by ADBYS JOSE VASCONCELOS DE ANDRADE from IP 127.0.1.1</message>
</record>
</log>
<?xml version="1.0" encoding="UTF-8" standalone="no"?>
<!DOCTYPE log SYSTEM "logger.dtd">
<log>
<record>
  <date>2016-12-14T19:47:13.416-0300</date>
  <logger>ADBYS JOSE VASCONCELOS DE ANDRADE</logger>
  <level>FINE</level>
  <message>File 116110498-ADBYS JOSE VASCONCELOS DE ANDRADE.zip was received. It was sent by ADBYS JOSE VASCONCELOS DE ANDRADE from IP 127.0.1.1</message>
</record>
</log>
<?xml version="1.0" encoding="UTF-8" standalone="no"?>
<!DOCTYPE log SYSTEM "logger.dtd">
<log>
<record>
  <date>2016-12-14T20:25:03.571-0300</date>
  <logger>ADBYS JOSE VASCONCELOS DE ANDRADE</logger>
  <level>FINE</level>
  <message>File 116110498-ADBYS JOSE VASCONCELOS DE ANDRADE.zip was received. It was sent by ADBYS JOSE VASCONCELOS DE ANDRADE from IP 127.0.1.1</message>
</record>
</log>
<?xml version="1.0" encoding="UTF-8" standalone="no"?>
<!DOCTYPE log SYSTEM "logger.dtd">
<log>
<record>
  <date>2016-12-14T21:25:03.496-0300</date>
  <logger>ADBYS JOSE VASCONCELOS DE ANDRADE</logger>
  <level>FINE</level>
  <message>File 116110498-ADBYS JOSE VASCONCELOS DE ANDRADE.zip was received. It was sent by ADBYS JOSE VASCONCELOS DE ANDRADE from IP 127.0.1.1</message>
</record>
</log>
<?xml version="1.0" encoding="UTF-8" standalone="no"?>
<!DOCTYPE log SYSTEM "logger.dtd">
<log>
<record>
  <date>2016-12-14T21:33:52.667-0300</date>
  <logger>ADBYS JOSE VASCONCELOS DE ANDRADE</logger>
  <level>FINE</level>
  <message>File 116110498-ADBYS JOSE VASCONCELOS DE ANDRADE.zip was received. It was sent by ADBYS JOSE VASCONCELOS DE ANDRADE from IP 127.0.1.1</message>
</record>
</log>
<?xml version="1.0" encoding="UTF-8" standalone="no"?>
<!DOCTYPE log SYSTEM "logger.dtd">
<log>
<record>
  <date>2016-12-14T21:42:38.630-0300</date>
  <logger>ADBYS JOSE VASCONCELOS DE ANDRADE</logger>
  <level>FINE</level>
  <message>File 116110498-ADBYS JOSE VASCONCELOS DE ANDRADE.zip was received. It was sent by ADBYS JOSE VASCONCELOS DE ANDRADE from IP 127.0.1.1</message>
</record>
